<?xml version="1.0" encoding="UTF-8"?>
<!-- Generated by org.testng.reporters.JUnitReportReporter -->
<testsuite hostname="User-PC" name="Day1.Locators" tests="1" failures="0" timestamp="19 Sep 2015 01:45:41 GMT" time="0.015" errors="0">
  <testcase name="first_test" time="0.015" classname="Day1.Locators"/>
</testsuite> <!-- Day1.Locators -->
